# JRE version: OpenJDK Runtime Environment Temurin-21.0.7+6 (21.0.7+6) (build 21.0.7+6-LTS)
# Java VM: OpenJDK 64-Bit Server VM Temurin-21.0.7+6 (21.0.7+6-LTS, mixed mode, sharing, tiered, compressed oops, compressed class ptrs, g1 gc, windows-amd64)
GC Precious Log:
 CardTable entry size: 512
 Card Set container configuration: InlinePtr #cards 4 size 8 Array Of Cards #cards 16 size 48 Howl #buckets 8 coarsen threshold 3686 Howl Bitmap #cards 512 size 80 coarsen threshold 460 Card regions per heap region 1 cards per card region 4096
 CPUs: 8 total, 8 available
 Memory: 15761M
 Large Page Support: Disabled
 NUMA Support: Disabled
 Compressed Oops: Enabled (Zero based)
 Heap Region Size: 2M
 Heap Min Capacity: 8M
 Heap Initial Capacity: 248M
 Heap Max Capacity: 3942M
 Pre-touch: Disabled
 Parallel Workers: 8
 Concurrent Workers: 2
 Concurrent Refinement Workers: 8
 Periodic GC: Disabled
Heap:
 garbage-first heap   total 67584K, used 55220K [0x0000000709a00000, 0x0000000800000000)
  region size 2048K, 15 young (30720K), 2 survivors (4096K)
 Metaspace       used 69539K, committed 70272K, reserved 1114112K
  class space    used 9411K, committed 9728K, reserved 1048576K
GC Heap History (20 events):
Event: 1.311 GC heap before
{Heap before GC invocations=0 (full 0):
 garbage-first heap   total 253952K, used 20480K [0x0000000709a00000, 0x0000000800000000)
  region size 2048K, 11 young (22528K), 0 survivors (0K)
 Metaspace       used 4077K, committed 4288K, reserved 1114112K
  class space    used 469K, committed 576K, reserved 1048576K
}
Event: 1.322 GC heap after
{Heap after GC invocations=1 (full 0):
 garbage-first heap   total 253952K, used 7115K [0x0000000709a00000, 0x0000000800000000)
  region size 2048K, 2 young (4096K), 2 survivors (4096K)
 Metaspace       used 4077K, committed 4288K, reserved 1114112K
  class space    used 469K, committed 576K, reserved 1048576K
}
Event: 2.345 GC heap before
{Heap before GC invocations=1 (full 0):
 garbage-first heap   total 253952K, used 31691K [0x0000000709a00000, 0x0000000800000000)
  region size 2048K, 15 young (30720K), 2 survivors (4096K)
 Metaspace       used 11490K, committed 11840K, reserved 1114112K
  class space    used 1429K, committed 1600K, reserved 1048576K
}
Event: 2.354 GC heap after
{Heap after GC invocations=2 (full 0):
 garbage-first heap   total 253952K, used 9729K [0x0000000709a00000, 0x0000000800000000)
  region size 2048K, 2 young (4096K), 2 survivors (4096K)
 Metaspace       used 11490K, committed 11840K, reserved 1114112K
  class space    used 1429K, committed 1600K, reserved 1048576K
}
Event: 3.731 GC heap before
{Heap before GC invocations=2 (full 0):
 garbage-first heap   total 253952K, used 60929K [0x0000000709a00000, 0x0000000800000000)
  region size 2048K, 28 young (57344K), 2 survivors (4096K)
 Metaspace       used 21173K, committed 21504K, reserved 1114112K
  class space    used 2567K, committed 2752K, reserved 1048576K
}
Event: 3.739 GC heap after
{Heap after GC invocations=3 (full 0):
 garbage-first heap   total 253952K, used 14686K [0x0000000709a00000, 0x0000000800000000)
  region size 2048K, 4 young (8192K), 4 survivors (8192K)
 Metaspace       used 21173K, committed 21504K, reserved 1114112K
  class space    used 2567K, committed 2752K, reserved 1048576K
}
Event: 5.112 GC heap before
{Heap before GC invocations=4 (full 0):
 garbage-first heap   total 55296K, used 53598K [0x0000000709a00000, 0x0000000800000000)
  region size 2048K, 23 young (47104K), 4 survivors (8192K)
 Metaspace       used 27874K, committed 28352K, reserved 1114112K
  class space    used 3594K, committed 3840K, reserved 1048576K
}
Event: 5.122 GC heap after
{Heap after GC invocations=5 (full 0):
 garbage-first heap   total 67584K, used 18879K [0x0000000709a00000, 0x0000000800000000)
  region size 2048K, 6 young (12288K), 6 survivors (12288K)
 Metaspace       used 27874K, committed 28352K, reserved 1114112K
  class space    used 3594K, committed 3840K, reserved 1048576K
}
Event: 6.085 GC heap before
{Heap before GC invocations=5 (full 0):
 garbage-first heap   total 67584K, used 45503K [0x0000000709a00000, 0x0000000800000000)
  region size 2048K, 19 young (38912K), 6 survivors (12288K)
 Metaspace       used 32031K, committed 32640K, reserved 1114112K
  class space    used 4158K, committed 4416K, reserved 1048576K
}
Event: 6.096 GC heap after
{Heap after GC invocations=6 (full 0):
 garbage-first heap   total 67584K, used 20566K [0x0000000709a00000, 0x0000000800000000)
  region size 2048K, 2 young (4096K), 2 survivors (4096K)
 Metaspace       used 32031K, committed 32640K, reserved 1114112K
  class space    used 4158K, committed 4416K, reserved 1048576K
}
Event: 6.616 GC heap before
{Heap before GC invocations=6 (full 0):
 garbage-first heap   total 67584K, used 32854K [0x0000000709a00000, 0x0000000800000000)
  region size 2048K, 9 young (18432K), 2 survivors (4096K)
 Metaspace       used 35632K, committed 36096K, reserved 1114112K
  class space    used 4661K, committed 4864K, reserved 1048576K
}
Event: 6.619 GC heap after
{Heap after GC invocations=7 (full 0):
 garbage-first heap   total 67584K, used 20626K [0x0000000709a00000, 0x0000000800000000)
  region size 2048K, 2 young (4096K), 2 survivors (4096K)
 Metaspace       used 35632K, committed 36096K, reserved 1114112K
  class space    used 4661K, committed 4864K, reserved 1048576K
}
Event: 7.817 GC heap before
{Heap before GC invocations=8 (full 0):
 garbage-first heap   total 67584K, used 51346K [0x0000000709a00000, 0x0000000800000000)
  region size 2048K, 18 young (36864K), 2 survivors (4096K)
 Metaspace       used 45481K, committed 46080K, reserved 1114112K
  class space    used 6004K, committed 6272K, reserved 1048576K
}
Event: 7.821 GC heap after
{Heap after GC invocations=9 (full 0):
 garbage-first heap   total 67584K, used 22820K [0x0000000709a00000, 0x0000000800000000)
  region size 2048K, 3 young (6144K), 3 survivors (6144K)
 Metaspace       used 45481K, committed 46080K, reserved 1114112K
  class space    used 6004K, committed 6272K, reserved 1048576K
}
Event: 8.673 GC heap before
{Heap before GC invocations=9 (full 0):
 garbage-first heap   total 67584K, used 53540K [0x0000000709a00000, 0x0000000800000000)
  region size 2048K, 18 young (36864K), 3 survivors (6144K)
 Metaspace       used 54496K, committed 55104K, reserved 1114112K
  class space    used 7338K, committed 7616K, reserved 1048576K
}
Event: 8.678 GC heap after
{Heap after GC invocations=10 (full 0):
 garbage-first heap   total 67584K, used 26169K [0x0000000709a00000, 0x0000000800000000)
  region size 2048K, 3 young (6144K), 3 survivors (6144K)
 Metaspace       used 54496K, committed 55104K, reserved 1114112K
  class space    used 7338K, committed 7616K, reserved 1048576K
}
Event: 9.340 GC heap before
{Heap before GC invocations=10 (full 0):
 garbage-first heap   total 67584K, used 48697K [0x0000000709a00000, 0x0000000800000000)
  region size 2048K, 15 young (30720K), 3 survivors (6144K)
 Metaspace       used 60023K, committed 60608K, reserved 1114112K
  class space    used 8092K, committed 8384K, reserved 1048576K
}
Event: 9.346 GC heap after
{Heap after GC invocations=11 (full 0):
 garbage-first heap   total 67584K, used 27947K [0x0000000709a00000, 0x0000000800000000)
  region size 2048K, 2 young (4096K), 2 survivors (4096K)
 Metaspace       used 60023K, committed 60608K, reserved 1114112K
  class space    used 8092K, committed 8384K, reserved 1048576K
}
Event: 10.401 GC heap before
{Heap before GC invocations=12 (full 0):
 garbage-first heap   total 67584K, used 54571K [0x0000000709a00000, 0x0000000800000000)
  region size 2048K, 15 young (30720K), 2 survivors (4096K)
 Metaspace       used 64971K, committed 65728K, reserved 1114112K
  class space    used 8863K, committed 9216K, reserved 1048576K
}
Event: 10.408 GC heap after
{Heap after GC invocations=13 (full 0):
 garbage-first heap   total 67584K, used 30644K [0x0000000709a00000, 0x0000000800000000)
  region size 2048K, 2 young (4096K), 2 survivors (4096K)
 Metaspace       used 64971K, committed 65728K, reserved 1114112K
  class space    used 8863K, committed 9216K, reserved 1048576K
}

