GC Precious Log:
 CardTable entry size: 512
 Card Set container configuration: InlinePtr #cards 4 size 8 Array Of Cards #cards 16 size 48 Howl #buckets 8 coarsen threshold 3686 Howl Bitmap #cards 512 size 80 coarsen threshold 460 Card regions per heap region 1 cards per card region 4096
 CPUs: 8 total, 8 available
 Memory: 15761M
 Large Page Support: Disabled
 NUMA Support: Disabled
 Compressed Oops: Enabled (Zero based)
 Heap Region Size: 2M
 Heap Min Capacity: 8M
 Heap Initial Capacity: 248M
 Heap Max Capacity: 3942M
 Pre-touch: Disabled
 Parallel Workers: 8
 Concurrent Workers: 2
 Concurrent Refinement Workers: 8
 Periodic GC: Disabled
Heap:
 garbage-first heap   total 69632K, used 47724K [0x0000000709a00000, 0x0000000800000000)
  region size 2048K, 6 young (12288K), 1 survivors (2048K)
 Metaspace       used 85039K, committed 85824K, reserved 1179648K
  class space    used 11447K, committed 11840K, reserved 1048576K
GC Heap History (20 events):
Event: 12.157 GC heap before
{Heap before GC invocations=9 (full 0):
 garbage-first heap   total 65536K, used 54107K [0x0000000709a00000, 0x0000000800000000)
  region size 2048K, 16 young (32768K), 2 survivors (4096K)
 Metaspace       used 51367K, committed 51904K, reserved 1114112K
  class space    used 6662K, committed 6912K, reserved 1048576K
}
Event: 12.165 GC heap after
{Heap after GC invocations=10 (full 0):
 garbage-first heap   total 65536K, used 27141K [0x0000000709a00000, 0x0000000800000000)
  region size 2048K, 2 young (4096K), 2 survivors (4096K)
 Metaspace       used 51367K, committed 51904K, reserved 1114112K
  class space    used 6662K, committed 6912K, reserved 1048576K
}
Event: 14.070 GC heap before
{Heap before GC invocations=10 (full 0):
 garbage-first heap   total 65536K, used 53765K [0x0000000709a00000, 0x0000000800000000)
  region size 2048K, 15 young (30720K), 2 survivors (4096K)
 Metaspace       used 58662K, committed 59264K, reserved 1114112K
  class space    used 7825K, committed 8064K, reserved 1048576K
}
Event: 14.075 GC heap after
{Heap after GC invocations=11 (full 0):
 garbage-first heap   total 65536K, used 28295K [0x0000000709a00000, 0x0000000800000000)
  region size 2048K, 2 young (4096K), 2 survivors (4096K)
 Metaspace       used 58662K, committed 59264K, reserved 1114112K
  class space    used 7825K, committed 8064K, reserved 1048576K
}
Event: 14.260 GC heap before
{Heap before GC invocations=11 (full 0):
 garbage-first heap   total 65536K, used 30343K [0x0000000709a00000, 0x0000000800000000)
  region size 2048K, 4 young (8192K), 2 survivors (4096K)
 Metaspace       used 59560K, committed 60160K, reserved 1114112K
  class space    used 7970K, committed 8256K, reserved 1048576K
}
Event: 14.264 GC heap after
{Heap after GC invocations=12 (full 0):
 garbage-first heap   total 65536K, used 28418K [0x0000000709a00000, 0x0000000800000000)
  region size 2048K, 1 young (2048K), 1 survivors (2048K)
 Metaspace       used 59560K, committed 60160K, reserved 1114112K
  class space    used 7970K, committed 8256K, reserved 1048576K
}
Event: 15.949 GC heap before
{Heap before GC invocations=13 (full 0):
 garbage-first heap   total 65536K, used 55042K [0x0000000709a00000, 0x0000000800000000)
  region size 2048K, 14 young (28672K), 1 survivors (2048K)
 Metaspace       used 65530K, committed 66240K, reserved 1114112K
  class space    used 8852K, committed 9152K, reserved 1048576K
}
Event: 15.953 GC heap after
{Heap after GC invocations=14 (full 0):
 garbage-first heap   total 65536K, used 30504K [0x0000000709a00000, 0x0000000800000000)
  region size 2048K, 2 young (4096K), 2 survivors (4096K)
 Metaspace       used 65530K, committed 66240K, reserved 1114112K
  class space    used 8852K, committed 9152K, reserved 1048576K
}
Event: 18.286 GC heap before
{Heap before GC invocations=14 (full 0):
 garbage-first heap   total 65536K, used 53032K [0x0000000709a00000, 0x0000000800000000)
  region size 2048K, 13 young (26624K), 2 survivors (4096K)
 Metaspace       used 68088K, committed 68864K, reserved 1114112K
  class space    used 9207K, committed 9536K, reserved 1048576K
}
Event: 18.294 GC heap after
{Heap after GC invocations=15 (full 0):
 garbage-first heap   total 65536K, used 32378K [0x0000000709a00000, 0x0000000800000000)
  region size 2048K, 2 young (4096K), 2 survivors (4096K)
 Metaspace       used 68088K, committed 68864K, reserved 1114112K
  class space    used 9207K, committed 9536K, reserved 1048576K
}
Event: 19.327 GC heap before
{Heap before GC invocations=15 (full 0):
 garbage-first heap   total 65536K, used 54906K [0x0000000709a00000, 0x0000000800000000)
  region size 2048K, 13 young (26624K), 2 survivors (4096K)
 Metaspace       used 73347K, committed 74112K, reserved 1114112K
  class space    used 9957K, committed 10304K, reserved 1048576K
}
Event: 19.333 GC heap after
{Heap after GC invocations=16 (full 0):
 garbage-first heap   total 65536K, used 35016K [0x0000000709a00000, 0x0000000800000000)
  region size 2048K, 2 young (4096K), 2 survivors (4096K)
 Metaspace       used 73347K, committed 74112K, reserved 1114112K
  class space    used 9957K, committed 10304K, reserved 1048576K
}
Event: 20.158 GC heap before
{Heap before GC invocations=16 (full 0):
 garbage-first heap   total 65536K, used 53448K [0x0000000709a00000, 0x0000000800000000)
  region size 2048K, 11 young (22528K), 2 survivors (4096K)
 Metaspace       used 76308K, committed 77120K, reserved 1179648K
  class space    used 10320K, committed 10688K, reserved 1048576K
}
Event: 20.166 GC heap after
{Heap after GC invocations=17 (full 0):
 garbage-first heap   total 65536K, used 36864K [0x0000000709a00000, 0x0000000800000000)
  region size 2048K, 2 young (4096K), 2 survivors (4096K)
 Metaspace       used 76308K, committed 77120K, reserved 1179648K
  class space    used 10320K, committed 10688K, reserved 1048576K
}
Event: 58.885 GC heap before
{Heap before GC invocations=18 (full 0):
 garbage-first heap   total 65536K, used 53248K [0x0000000709a00000, 0x0000000800000000)
  region size 2048K, 11 young (22528K), 2 survivors (4096K)
 Metaspace       used 80669K, committed 81408K, reserved 1179648K
  class space    used 10909K, committed 11264K, reserved 1048576K
}
Event: 58.889 GC heap after
{Heap after GC invocations=19 (full 0):
 garbage-first heap   total 65536K, used 38236K [0x0000000709a00000, 0x0000000800000000)
  region size 2048K, 2 young (4096K), 2 survivors (4096K)
 Metaspace       used 80669K, committed 81408K, reserved 1179648K
  class space    used 10909K, committed 11264K, reserved 1048576K
}
Event: 83.454 GC heap before
{Heap before GC invocations=19 (full 0):
 garbage-first heap   total 65536K, used 52572K [0x0000000709a00000, 0x0000000800000000)
  region size 2048K, 10 young (20480K), 2 survivors (4096K)
 Metaspace       used 83745K, committed 84608K, reserved 1179648K
  class space    used 11350K, committed 11712K, reserved 1048576K
}
Event: 83.458 GC heap after
{Heap after GC invocations=20 (full 0):
 garbage-first heap   total 65536K, used 38713K [0x0000000709a00000, 0x0000000800000000)
  region size 2048K, 2 young (4096K), 2 survivors (4096K)
 Metaspace       used 83745K, committed 84608K, reserved 1179648K
  class space    used 11350K, committed 11712K, reserved 1048576K
}
Event: 115.059 GC heap before
{Heap before GC invocations=20 (full 0):
 garbage-first heap   total 65536K, used 51001K [0x0000000709a00000, 0x0000000800000000)
  region size 2048K, 9 young (18432K), 2 survivors (4096K)
 Metaspace       used 84972K, committed 85824K, reserved 1179648K
  class space    used 11447K, committed 11840K, reserved 1048576K
}
Event: 115.061 GC heap after
{Heap after GC invocations=21 (full 0):
 garbage-first heap   total 65536K, used 39532K [0x0000000709a00000, 0x0000000800000000)
  region size 2048K, 1 young (2048K), 1 survivors (2048K)
 Metaspace       used 84972K, committed 85824K, reserved 1179648K
  class space    used 11447K, committed 11840K, reserved 1048576K
}

