# JRE version: OpenJDK Runtime Environment Temurin-21.0.7+6 (21.0.7+6) (build 21.0.7+6-LTS)
# Java VM: OpenJDK 64-Bit Server VM Temurin-21.0.7+6 (21.0.7+6-LTS, mixed mode, sharing, tiered, compressed oops, compressed class ptrs, g1 gc, windows-amd64)
GC Precious Log:
 CardTable entry size: 512
 Card Set container configuration: InlinePtr #cards 4 size 8 Array Of Cards #cards 16 size 48 Howl #buckets 8 coarsen threshold 3686 Howl Bitmap #cards 512 size 80 coarsen threshold 460 Card regions per heap region 1 cards per card region 4096
 CPUs: 8 total, 8 available
 Memory: 15761M
 Large Page Support: Disabled
 NUMA Support: Disabled
 Compressed Oops: Enabled (Zero based)
 Heap Region Size: 2M
 Heap Min Capacity: 8M
 Heap Initial Capacity: 248M
 Heap Max Capacity: 3942M
 Pre-touch: Disabled
 Parallel Workers: 8
 Concurrent Workers: 2
 Concurrent Refinement Workers: 8
 Periodic GC: Disabled
Heap:
 garbage-first heap   total 67584K, used 41560K [0x0000000709a00000, 0x0000000800000000)
  region size 2048K, 6 young (12288K), 2 survivors (4096K)
 Metaspace       used 79871K, committed 80640K, reserved 1179648K
  class space    used 10869K, committed 11200K, reserved 1048576K
GC Heap History (20 events):
Event: 4.942 GC heap before
{Heap before GC invocations=5 (full 0):
 garbage-first heap   total 67584K, used 44646K [0x0000000709a00000, 0x0000000800000000)
  region size 2048K, 19 young (38912K), 6 survivors (12288K)
 Metaspace       used 31979K, committed 32384K, reserved 1114112K
  class space    used 4101K, committed 4288K, reserved 1048576K
}
Event: 4.953 GC heap after
{Heap after GC invocations=6 (full 0):
 garbage-first heap   total 67584K, used 20101K [0x0000000709a00000, 0x0000000800000000)
  region size 2048K, 3 young (6144K), 3 survivors (6144K)
 Metaspace       used 31979K, committed 32384K, reserved 1114112K
  class space    used 4101K, committed 4288K, reserved 1048576K
}
Event: 5.738 GC heap before
{Heap before GC invocations=6 (full 0):
 garbage-first heap   total 67584K, used 36485K [0x0000000709a00000, 0x0000000800000000)
  region size 2048K, 12 young (24576K), 3 survivors (6144K)
 Metaspace       used 35623K, committed 36096K, reserved 1114112K
  class space    used 4594K, committed 4800K, reserved 1048576K
}
Event: 5.746 GC heap after
{Heap after GC invocations=7 (full 0):
 garbage-first heap   total 67584K, used 21553K [0x0000000709a00000, 0x0000000800000000)
  region size 2048K, 3 young (6144K), 3 survivors (6144K)
 Metaspace       used 35623K, committed 36096K, reserved 1114112K
  class space    used 4594K, committed 4800K, reserved 1048576K
}
Event: 6.693 GC heap before
{Heap before GC invocations=8 (full 0):
 garbage-first heap   total 67584K, used 52273K [0x0000000709a00000, 0x0000000800000000)
  region size 2048K, 18 young (36864K), 3 survivors (6144K)
 Metaspace       used 44823K, committed 45312K, reserved 1114112K
  class space    used 5865K, committed 6080K, reserved 1048576K
}
Event: 6.699 GC heap after
{Heap after GC invocations=9 (full 0):
 garbage-first heap   total 67584K, used 23698K [0x0000000709a00000, 0x0000000800000000)
  region size 2048K, 2 young (4096K), 2 survivors (4096K)
 Metaspace       used 44823K, committed 45312K, reserved 1114112K
  class space    used 5865K, committed 6080K, reserved 1048576K
}
Event: 7.583 GC heap before
{Heap before GC invocations=9 (full 0):
 garbage-first heap   total 67584K, used 54418K [0x0000000709a00000, 0x0000000800000000)
  region size 2048K, 17 young (34816K), 2 survivors (4096K)
 Metaspace       used 53402K, committed 53952K, reserved 1114112K
  class space    used 6905K, committed 7168K, reserved 1048576K
}
Event: 7.588 GC heap after
{Heap after GC invocations=10 (full 0):
 garbage-first heap   total 67584K, used 27621K [0x0000000709a00000, 0x0000000800000000)
  region size 2048K, 3 young (6144K), 3 survivors (6144K)
 Metaspace       used 53402K, committed 53952K, reserved 1114112K
  class space    used 6905K, committed 7168K, reserved 1048576K
}
Event: 8.309 GC heap before
{Heap before GC invocations=10 (full 0):
 garbage-first heap   total 67584K, used 52197K [0x0000000709a00000, 0x0000000800000000)
  region size 2048K, 15 young (30720K), 3 survivors (6144K)
 Metaspace       used 59702K, committed 60288K, reserved 1114112K
  class space    used 8002K, committed 8256K, reserved 1048576K
}
Event: 8.314 GC heap after
{Heap after GC invocations=11 (full 0):
 garbage-first heap   total 67584K, used 28800K [0x0000000709a00000, 0x0000000800000000)
  region size 2048K, 2 young (4096K), 2 survivors (4096K)
 Metaspace       used 59702K, committed 60288K, reserved 1114112K
  class space    used 8002K, committed 8256K, reserved 1048576K
}
Event: 8.320 GC heap before
{Heap before GC invocations=11 (full 0):
 garbage-first heap   total 67584K, used 28800K [0x0000000709a00000, 0x0000000800000000)
  region size 2048K, 3 young (6144K), 2 survivors (4096K)
 Metaspace       used 59878K, committed 60416K, reserved 1114112K
  class space    used 8002K, committed 8256K, reserved 1048576K
}
Event: 8.324 GC heap after
{Heap after GC invocations=12 (full 0):
 garbage-first heap   total 67584K, used 28978K [0x0000000709a00000, 0x0000000800000000)
  region size 2048K, 1 young (2048K), 1 survivors (2048K)
 Metaspace       used 59878K, committed 60416K, reserved 1114112K
  class space    used 8002K, committed 8256K, reserved 1048576K
}
Event: 9.600 GC heap before
{Heap before GC invocations=13 (full 0):
 garbage-first heap   total 67584K, used 57650K [0x0000000709a00000, 0x0000000800000000)
  region size 2048K, 15 young (30720K), 1 survivors (2048K)
 Metaspace       used 65946K, committed 66688K, reserved 1114112K
  class space    used 8925K, committed 9280K, reserved 1048576K
}
Event: 9.605 GC heap after
{Heap after GC invocations=14 (full 0):
 garbage-first heap   total 67584K, used 30955K [0x0000000709a00000, 0x0000000800000000)
  region size 2048K, 2 young (4096K), 2 survivors (4096K)
 Metaspace       used 65946K, committed 66688K, reserved 1114112K
  class space    used 8925K, committed 9280K, reserved 1048576K
}
Event: 10.683 GC heap before
{Heap before GC invocations=14 (full 0):
 garbage-first heap   total 67584K, used 55531K [0x0000000709a00000, 0x0000000800000000)
  region size 2048K, 14 young (28672K), 2 survivors (4096K)
 Metaspace       used 69015K, committed 69760K, reserved 1114112K
  class space    used 9351K, committed 9664K, reserved 1048576K
}
Event: 10.691 GC heap after
{Heap after GC invocations=15 (full 0):
 garbage-first heap   total 67584K, used 33181K [0x0000000709a00000, 0x0000000800000000)
  region size 2048K, 2 young (4096K), 2 survivors (4096K)
 Metaspace       used 69015K, committed 69760K, reserved 1114112K
  class space    used 9351K, committed 9664K, reserved 1048576K
}
Event: 11.857 GC heap before
{Heap before GC invocations=15 (full 0):
 garbage-first heap   total 67584K, used 55709K [0x0000000709a00000, 0x0000000800000000)
  region size 2048K, 13 young (26624K), 2 survivors (4096K)
 Metaspace       used 74421K, committed 75136K, reserved 1114112K
  class space    used 10086K, committed 10432K, reserved 1048576K
}
Event: 11.861 GC heap after
{Heap after GC invocations=16 (full 0):
 garbage-first heap   total 67584K, used 35332K [0x0000000709a00000, 0x0000000800000000)
  region size 2048K, 2 young (4096K), 2 survivors (4096K)
 Metaspace       used 74421K, committed 75136K, reserved 1114112K
  class space    used 10086K, committed 10432K, reserved 1048576K
}
Event: 19.066 GC heap before
{Heap before GC invocations=17 (full 0):
 garbage-first heap   total 67584K, used 53764K [0x0000000709a00000, 0x0000000800000000)
  region size 2048K, 11 young (22528K), 2 survivors (4096K)
 Metaspace       used 77471K, committed 78272K, reserved 1179648K
  class space    used 10521K, committed 10880K, reserved 1048576K
}
Event: 19.075 GC heap after
{Heap after GC invocations=18 (full 0):
 garbage-first heap   total 67584K, used 37464K [0x0000000709a00000, 0x0000000800000000)
  region size 2048K, 2 young (4096K), 2 survivors (4096K)
 Metaspace       used 77471K, committed 78272K, reserved 1179648K
  class space    used 10521K, committed 10880K, reserved 1048576K
}

