# JRE version: OpenJDK Runtime Environment Temurin-21.0.7+6 (21.0.7+6) (build 21.0.7+6-LTS)
# Java VM: OpenJDK 64-Bit Server VM Temurin-21.0.7+6 (21.0.7+6-LTS, mixed mode, sharing, tiered, compressed oops, compressed class ptrs, parallel gc, windows-amd64)
GC Precious Log:
 CardTable entry size: 512
 CPUs: 8 total, 8 available
 Memory: 15761M
 Large Page Support: Disabled
 NUMA Support: Disabled
 Compressed Oops: Enabled (32-bit)
 Alignments: Space 512K, Generation 512K, Heap 2M
 Heap Min Capacity: 100M
 Heap Initial Capacity: 100M
 Heap Max Capacity: 2G
 Pre-touch: Disabled
 Parallel Workers: 8
Heap:
 PSYoungGen      total 5120K, used 2587K [0x00000000d5580000, 0x00000000d5b80000, 0x0000000100000000)
  eden space 4096K, 50% used [0x00000000d5580000,0x00000000d5782fb0,0x00000000d5980000)
  from space 1024K, 51% used [0x00000000d5a80000,0x00000000d5b04010,0x00000000d5b80000)
  to   space 1024K, 0% used [0x00000000d5980000,0x00000000d5980000,0x00000000d5a80000)
 ParOldGen       total 1228800K, used 512073K [0x0000000080000000, 0x00000000cb000000, 0x00000000d5580000)
  object space 1228800K, 41% used [0x0000000080000000,0x000000009f412690,0x00000000cb000000)
 Metaspace       used 84252K, committed 86080K, reserved 1179648K
  class space    used 8399K, committed 9216K, reserved 1048576K
GC Heap History (20 events):
Event: 466.273 GC heap before
{Heap before GC invocations=2401 (full 4):
 PSYoungGen      total 4608K, used 4576K [0x00000000d5580000, 0x00000000d5c80000, 0x0000000100000000)
  eden space 4096K, 100% used [0x00000000d5580000,0x00000000d5980000,0x00000000d5980000)
  from space 512K, 93% used [0x00000000d5b80000,0x00000000d5bf8020,0x00000000d5c00000)
  to   space 1536K, 0% used [0x00000000d5980000,0x00000000d5980000,0x00000000d5b00000)
 ParOldGen       total 1228800K, used 506558K [0x0000000080000000, 0x00000000cb000000, 0x00000000d5580000)
  object space 1228800K, 41% used [0x0000000080000000,0x000000009eeaf840,0x00000000cb000000)
 Metaspace       used 84238K, committed 86080K, reserved 1179648K
  class space    used 8399K, committed 9216K, reserved 1048576K
}
Event: 466.275 GC heap after
{Heap after GC invocations=2401 (full 4):
 PSYoungGen      total 5632K, used 756K [0x00000000d5580000, 0x00000000d5c00000, 0x0000000100000000)
  eden space 4096K, 0% used [0x00000000d5580000,0x00000000d5580000,0x00000000d5980000)
  from space 1536K, 49% used [0x00000000d5980000,0x00000000d5a3d200,0x00000000d5b00000)
  to   space 1024K, 0% used [0x00000000d5b00000,0x00000000d5b00000,0x00000000d5c00000)
 ParOldGen       total 1228800K, used 507042K [0x0000000080000000, 0x00000000cb000000, 0x00000000d5580000)
  object space 1228800K, 41% used [0x0000000080000000,0x000000009ef28890,0x00000000cb000000)
 Metaspace       used 84238K, committed 86080K, reserved 1179648K
  class space    used 8399K, committed 9216K, reserved 1048576K
}
Event: 466.288 GC heap before
{Heap before GC invocations=2402 (full 4):
 PSYoungGen      total 5632K, used 4852K [0x00000000d5580000, 0x00000000d5c00000, 0x0000000100000000)
  eden space 4096K, 100% used [0x00000000d5580000,0x00000000d5980000,0x00000000d5980000)
  from space 1536K, 49% used [0x00000000d5980000,0x00000000d5a3d200,0x00000000d5b00000)
  to   space 1024K, 0% used [0x00000000d5b00000,0x00000000d5b00000,0x00000000d5c00000)
 ParOldGen       total 1228800K, used 507042K [0x0000000080000000, 0x00000000cb000000, 0x00000000d5580000)
  object space 1228800K, 41% used [0x0000000080000000,0x000000009ef28890,0x00000000cb000000)
 Metaspace       used 84239K, committed 86080K, reserved 1179648K
  class space    used 8399K, committed 9216K, reserved 1048576K
}
Event: 466.291 GC heap after
{Heap after GC invocations=2402 (full 4):
 PSYoungGen      total 4608K, used 512K [0x00000000d5580000, 0x00000000d5b80000, 0x0000000100000000)
  eden space 4096K, 0% used [0x00000000d5580000,0x00000000d5580000,0x00000000d5980000)
  from space 512K, 100% used [0x00000000d5b00000,0x00000000d5b80000,0x00000000d5b80000)
  to   space 1024K, 0% used [0x00000000d5980000,0x00000000d5980000,0x00000000d5a80000)
 ParOldGen       total 1228800K, used 507676K [0x0000000080000000, 0x00000000cb000000, 0x00000000d5580000)
  object space 1228800K, 41% used [0x0000000080000000,0x000000009efc7230,0x00000000cb000000)
 Metaspace       used 84239K, committed 86080K, reserved 1179648K
  class space    used 8399K, committed 9216K, reserved 1048576K
}
Event: 466.313 GC heap before
{Heap before GC invocations=2403 (full 4):
 PSYoungGen      total 4608K, used 4608K [0x00000000d5580000, 0x00000000d5b80000, 0x0000000100000000)
  eden space 4096K, 100% used [0x00000000d5580000,0x00000000d5980000,0x00000000d5980000)
  from space 512K, 100% used [0x00000000d5b00000,0x00000000d5b80000,0x00000000d5b80000)
  to   space 1024K, 0% used [0x00000000d5980000,0x00000000d5980000,0x00000000d5a80000)
 ParOldGen       total 1228800K, used 507676K [0x0000000080000000, 0x00000000cb000000, 0x00000000d5580000)
  object space 1228800K, 41% used [0x0000000080000000,0x000000009efc7230,0x00000000cb000000)
 Metaspace       used 84241K, committed 86080K, reserved 1179648K
  class space    used 8399K, committed 9216K, reserved 1048576K
}
Event: 466.315 GC heap after
{Heap after GC invocations=2403 (full 4):
 PSYoungGen      total 5120K, used 900K [0x00000000d5580000, 0x00000000d5b80000, 0x0000000100000000)
  eden space 4096K, 0% used [0x00000000d5580000,0x00000000d5580000,0x00000000d5980000)
  from space 1024K, 87% used [0x00000000d5980000,0x00000000d5a61210,0x00000000d5a80000)
  to   space 1024K, 0% used [0x00000000d5a80000,0x00000000d5a80000,0x00000000d5b80000)
 ParOldGen       total 1228800K, used 508100K [0x0000000080000000, 0x00000000cb000000, 0x00000000d5580000)
  object space 1228800K, 41% used [0x0000000080000000,0x000000009f031270,0x00000000cb000000)
 Metaspace       used 84241K, committed 86080K, reserved 1179648K
  class space    used 8399K, committed 9216K, reserved 1048576K
}
Event: 466.360 GC heap before
{Heap before GC invocations=2404 (full 4):
 PSYoungGen      total 5120K, used 4996K [0x00000000d5580000, 0x00000000d5b80000, 0x0000000100000000)
  eden space 4096K, 100% used [0x00000000d5580000,0x00000000d5980000,0x00000000d5980000)
  from space 1024K, 87% used [0x00000000d5980000,0x00000000d5a61210,0x00000000d5a80000)
  to   space 1024K, 0% used [0x00000000d5a80000,0x00000000d5a80000,0x00000000d5b80000)
 ParOldGen       total 1228800K, used 508100K [0x0000000080000000, 0x00000000cb000000, 0x00000000d5580000)
  object space 1228800K, 41% used [0x0000000080000000,0x000000009f031270,0x00000000cb000000)
 Metaspace       used 84242K, committed 86080K, reserved 1179648K
  class space    used 8399K, committed 9216K, reserved 1048576K
}
Event: 466.362 GC heap after
{Heap after GC invocations=2404 (full 4):
 PSYoungGen      total 5120K, used 640K [0x00000000d5580000, 0x00000000d5b80000, 0x0000000100000000)
  eden space 4096K, 0% used [0x00000000d5580000,0x00000000d5580000,0x00000000d5980000)
  from space 1024K, 62% used [0x00000000d5a80000,0x00000000d5b20000,0x00000000d5b80000)
  to   space 1024K, 0% used [0x00000000d5980000,0x00000000d5980000,0x00000000d5a80000)
 ParOldGen       total 1228800K, used 508825K [0x0000000080000000, 0x00000000cb000000, 0x00000000d5580000)
  object space 1228800K, 41% used [0x0000000080000000,0x000000009f0e6730,0x00000000cb000000)
 Metaspace       used 84242K, committed 86080K, reserved 1179648K
  class space    used 8399K, committed 9216K, reserved 1048576K
}
Event: 466.378 GC heap before
{Heap before GC invocations=2405 (full 4):
 PSYoungGen      total 5120K, used 4736K [0x00000000d5580000, 0x00000000d5b80000, 0x0000000100000000)
  eden space 4096K, 100% used [0x00000000d5580000,0x00000000d5980000,0x00000000d5980000)
  from space 1024K, 62% used [0x00000000d5a80000,0x00000000d5b20000,0x00000000d5b80000)
  to   space 1024K, 0% used [0x00000000d5980000,0x00000000d5980000,0x00000000d5a80000)
 ParOldGen       total 1228800K, used 508825K [0x0000000080000000, 0x00000000cb000000, 0x00000000d5580000)
  object space 1228800K, 41% used [0x0000000080000000,0x000000009f0e6730,0x00000000cb000000)
 Metaspace       used 84242K, committed 86080K, reserved 1179648K
  class space    used 8399K, committed 9216K, reserved 1048576K
}
Event: 466.380 GC heap after
{Heap after GC invocations=2405 (full 4):
 PSYoungGen      total 5120K, used 608K [0x00000000d5580000, 0x00000000d5b80000, 0x0000000100000000)
  eden space 4096K, 0% used [0x00000000d5580000,0x00000000d5580000,0x00000000d5980000)
  from space 1024K, 59% used [0x00000000d5980000,0x00000000d5a18020,0x00000000d5a80000)
  to   space 1024K, 0% used [0x00000000d5a80000,0x00000000d5a80000,0x00000000d5b80000)
 ParOldGen       total 1228800K, used 509349K [0x0000000080000000, 0x00000000cb000000, 0x00000000d5580000)
  object space 1228800K, 41% used [0x0000000080000000,0x000000009f169760,0x00000000cb000000)
 Metaspace       used 84242K, committed 86080K, reserved 1179648K
  class space    used 8399K, committed 9216K, reserved 1048576K
}
Event: 466.608 GC heap before
{Heap before GC invocations=2406 (full 4):
 PSYoungGen      total 5120K, used 4704K [0x00000000d5580000, 0x00000000d5b80000, 0x0000000100000000)
  eden space 4096K, 99% used [0x00000000d5580000,0x00000000d597fff0,0x00000000d5980000)
  from space 1024K, 59% used [0x00000000d5980000,0x00000000d5a18020,0x00000000d5a80000)
  to   space 1024K, 0% used [0x00000000d5a80000,0x00000000d5a80000,0x00000000d5b80000)
 ParOldGen       total 1228800K, used 509349K [0x0000000080000000, 0x00000000cb000000, 0x00000000d5580000)
  object space 1228800K, 41% used [0x0000000080000000,0x000000009f169760,0x00000000cb000000)
 Metaspace       used 84243K, committed 86080K, reserved 1179648K
  class space    used 8399K, committed 9216K, reserved 1048576K
}
Event: 466.611 GC heap after
{Heap after GC invocations=2406 (full 4):
 PSYoungGen      total 5120K, used 660K [0x00000000d5580000, 0x00000000d5b80000, 0x0000000100000000)
  eden space 4096K, 0% used [0x00000000d5580000,0x00000000d5580000,0x00000000d5980000)
  from space 1024K, 64% used [0x00000000d5a80000,0x00000000d5b25200,0x00000000d5b80000)
  to   space 1024K, 0% used [0x00000000d5980000,0x00000000d5980000,0x00000000d5a80000)
 ParOldGen       total 1228800K, used 509849K [0x0000000080000000, 0x00000000cb000000, 0x00000000d5580000)
  object space 1228800K, 41% used [0x0000000080000000,0x000000009f1e67c0,0x00000000cb000000)
 Metaspace       used 84243K, committed 86080K, reserved 1179648K
  class space    used 8399K, committed 9216K, reserved 1048576K
}
Event: 466.624 GC heap before
{Heap before GC invocations=2407 (full 4):
 PSYoungGen      total 5120K, used 4756K [0x00000000d5580000, 0x00000000d5b80000, 0x0000000100000000)
  eden space 4096K, 100% used [0x00000000d5580000,0x00000000d5980000,0x00000000d5980000)
  from space 1024K, 64% used [0x00000000d5a80000,0x00000000d5b25200,0x00000000d5b80000)
  to   space 1024K, 0% used [0x00000000d5980000,0x00000000d5980000,0x00000000d5a80000)
 ParOldGen       total 1228800K, used 509849K [0x0000000080000000, 0x00000000cb000000, 0x00000000d5580000)
  object space 1228800K, 41% used [0x0000000080000000,0x000000009f1e67c0,0x00000000cb000000)
 Metaspace       used 84243K, committed 86080K, reserved 1179648K
  class space    used 8399K, committed 9216K, reserved 1048576K
}
Event: 466.627 GC heap after
{Heap after GC invocations=2407 (full 4):
 PSYoungGen      total 5120K, used 608K [0x00000000d5580000, 0x00000000d5b80000, 0x0000000100000000)
  eden space 4096K, 0% used [0x00000000d5580000,0x00000000d5580000,0x00000000d5980000)
  from space 1024K, 59% used [0x00000000d5980000,0x00000000d5a18000,0x00000000d5a80000)
  to   space 1024K, 0% used [0x00000000d5a80000,0x00000000d5a80000,0x00000000d5b80000)
 ParOldGen       total 1228800K, used 510379K [0x0000000080000000, 0x00000000cb000000, 0x00000000d5580000)
  object space 1228800K, 41% used [0x0000000080000000,0x000000009f26ac60,0x00000000cb000000)
 Metaspace       used 84243K, committed 86080K, reserved 1179648K
  class space    used 8399K, committed 9216K, reserved 1048576K
}
Event: 466.648 GC heap before
{Heap before GC invocations=2408 (full 4):
 PSYoungGen      total 5120K, used 4702K [0x00000000d5580000, 0x00000000d5b80000, 0x0000000100000000)
  eden space 4096K, 99% used [0x00000000d5580000,0x00000000d597fb58,0x00000000d5980000)
  from space 1024K, 59% used [0x00000000d5980000,0x00000000d5a18000,0x00000000d5a80000)
  to   space 1024K, 0% used [0x00000000d5a80000,0x00000000d5a80000,0x00000000d5b80000)
 ParOldGen       total 1228800K, used 510379K [0x0000000080000000, 0x00000000cb000000, 0x00000000d5580000)
  object space 1228800K, 41% used [0x0000000080000000,0x000000009f26ac60,0x00000000cb000000)
 Metaspace       used 84244K, committed 86080K, reserved 1179648K
  class space    used 8399K, committed 9216K, reserved 1048576K
}
Event: 466.650 GC heap after
{Heap after GC invocations=2408 (full 4):
 PSYoungGen      total 5120K, used 624K [0x00000000d5580000, 0x00000000d5b80000, 0x0000000100000000)
  eden space 4096K, 0% used [0x00000000d5580000,0x00000000d5580000,0x00000000d5980000)
  from space 1024K, 60% used [0x00000000d5a80000,0x00000000d5b1c010,0x00000000d5b80000)
  to   space 1024K, 0% used [0x00000000d5980000,0x00000000d5980000,0x00000000d5a80000)
 ParOldGen       total 1228800K, used 510911K [0x0000000080000000, 0x00000000cb000000, 0x00000000d5580000)
  object space 1228800K, 41% used [0x0000000080000000,0x000000009f2efc90,0x00000000cb000000)
 Metaspace       used 84244K, committed 86080K, reserved 1179648K
  class space    used 8399K, committed 9216K, reserved 1048576K
}
Event: 466.668 GC heap before
{Heap before GC invocations=2409 (full 4):
 PSYoungGen      total 5120K, used 4720K [0x00000000d5580000, 0x00000000d5b80000, 0x0000000100000000)
  eden space 4096K, 100% used [0x00000000d5580000,0x00000000d5980000,0x00000000d5980000)
  from space 1024K, 60% used [0x00000000d5a80000,0x00000000d5b1c010,0x00000000d5b80000)
  to   space 1024K, 0% used [0x00000000d5980000,0x00000000d5980000,0x00000000d5a80000)
 ParOldGen       total 1228800K, used 510911K [0x0000000080000000, 0x00000000cb000000, 0x00000000d5580000)
  object space 1228800K, 41% used [0x0000000080000000,0x000000009f2efc90,0x00000000cb000000)
 Metaspace       used 84245K, committed 86080K, reserved 1179648K
  class space    used 8399K, committed 9216K, reserved 1048576K
}
Event: 466.671 GC heap after
{Heap after GC invocations=2409 (full 4):
 PSYoungGen      total 5120K, used 804K [0x00000000d5580000, 0x00000000d5b80000, 0x0000000100000000)
  eden space 4096K, 0% used [0x00000000d5580000,0x00000000d5580000,0x00000000d5980000)
  from space 1024K, 78% used [0x00000000d5980000,0x00000000d5a49210,0x00000000d5a80000)
  to   space 1024K, 0% used [0x00000000d5a80000,0x00000000d5a80000,0x00000000d5b80000)
 ParOldGen       total 1228800K, used 511391K [0x0000000080000000, 0x00000000cb000000, 0x00000000d5580000)
  object space 1228800K, 41% used [0x0000000080000000,0x000000009f367cd0,0x00000000cb000000)
 Metaspace       used 84245K, committed 86080K, reserved 1179648K
  class space    used 8399K, committed 9216K, reserved 1048576K
}
Event: 466.688 GC heap before
{Heap before GC invocations=2410 (full 4):
 PSYoungGen      total 5120K, used 4900K [0x00000000d5580000, 0x00000000d5b80000, 0x0000000100000000)
  eden space 4096K, 100% used [0x00000000d5580000,0x00000000d5980000,0x00000000d5980000)
  from space 1024K, 78% used [0x00000000d5980000,0x00000000d5a49210,0x00000000d5a80000)
  to   space 1024K, 0% used [0x00000000d5a80000,0x00000000d5a80000,0x00000000d5b80000)
 ParOldGen       total 1228800K, used 511391K [0x0000000080000000, 0x00000000cb000000, 0x00000000d5580000)
  object space 1228800K, 41% used [0x0000000080000000,0x000000009f367cd0,0x00000000cb000000)
 Metaspace       used 84245K, committed 86080K, reserved 1179648K
  class space    used 8399K, committed 9216K, reserved 1048576K
}
Event: 466.691 GC heap after
{Heap after GC invocations=2410 (full 4):
 PSYoungGen      total 5120K, used 528K [0x00000000d5580000, 0x00000000d5b80000, 0x0000000100000000)
  eden space 4096K, 0% used [0x00000000d5580000,0x00000000d5580000,0x00000000d5980000)
  from space 1024K, 51% used [0x00000000d5a80000,0x00000000d5b04010,0x00000000d5b80000)
  to   space 1024K, 0% used [0x00000000d5980000,0x00000000d5980000,0x00000000d5a80000)
 ParOldGen       total 1228800K, used 512073K [0x0000000080000000, 0x00000000cb000000, 0x00000000d5580000)
  object space 1228800K, 41% used [0x0000000080000000,0x000000009f412690,0x00000000cb000000)
 Metaspace       used 84245K, committed 86080K, reserved 1179648K
  class space    used 8399K, committed 9216K, reserved 1048576K
}

